This file contains any messages produced by compilers while
running configure, to aid debugging if configure makes a mistake.

It was created by configure, which was
generated by GNU Autoconf 2.63.  Invocation command line was

  $ ./configure 

## --------- ##
## Platform. ##
## --------- ##

hostname = bright.local
uname -m = x86_64
uname -r = 13.3.0
uname -s = Darwin
uname -v = Darwin Kernel Version 13.3.0: Tue Jun  3 21:27:35 PDT 2014; root:xnu-2422.110.17~1/RELEASE_X86_64

/usr/bin/uname -p = i386
/bin/uname -X     = unknown

/bin/arch              = unknown
/usr/bin/arch -k       = unknown
/usr/convex/getsysinfo = unknown
/usr/bin/hostinfo      = Mach kernel version:
	 Darwin Kernel Version 13.3.0: Tue Jun  3 21:27:35 PDT 2014; root:xnu-2422.110.17~1/RELEASE_X86_64
Kernel configured for up to 4 processors.
2 processors are physically available.
4 processors are logically available.
Processor type: i486 (Intel 80486)
Processors active: 0 1 2 3
Primary memory available: 8.00 gigabytes
Default processor set: 169 tasks, 748 threads, 4 processors
Load average: 1.43, Mach factor: 2.56
/bin/machine           = unknown
/usr/bin/oslevel       = unknown
/bin/universe          = unknown

PATH: /usr/bin
PATH: /bin
PATH: /usr/sbin
PATH: /sbin
PATH: /usr/local/bin
PATH: /Library/Java/JavaVirtualMachines/jdk1.8.0_20.jdk/Contents/Home
PATH: /usr/local/Cellar/maven30/3.0.5/libexec/bin
PATH: ~/bin


## ----------- ##
## Core tests. ##
## ----------- ##

configure:1860: checking for a BSD-compatible install
configure:1928: result: /usr/bin/install -c
configure:1939: checking whether build environment is sane
configure:1999: result: yes
configure:2027: WARNING: `missing' script is too old or missing
configure:2140: checking for a thread-safe mkdir -p
configure:2179: result: ./install-sh -c -d
configure:2192: checking for gawk
configure:2222: result: no
configure:2192: checking for mawk
configure:2222: result: no
configure:2192: checking for nawk
configure:2222: result: no
configure:2192: checking for awk
configure:2208: found /usr/bin/awk
configure:2219: result: awk
configure:2230: checking whether make sets $(MAKE)
configure:2252: result: yes
configure:2386: checking for gcc
configure:2402: found /usr/bin/gcc
configure:2413: result: gcc
configure:2645: checking for C compiler version
configure:2653: gcc --version >&5
Configured with: --prefix=/Library/Developer/CommandLineTools/usr --with-gxx-include-dir=/usr/include/c++/4.2.1
Apple LLVM version 6.0 (clang-600.0.51) (based on LLVM 3.5svn)
Target: x86_64-apple-darwin13.3.0
Thread model: posix
configure:2657: $? = 0
configure:2664: gcc -v >&5
Configured with: --prefix=/Library/Developer/CommandLineTools/usr --with-gxx-include-dir=/usr/include/c++/4.2.1
Apple LLVM version 6.0 (clang-600.0.51) (based on LLVM 3.5svn)
Target: x86_64-apple-darwin13.3.0
Thread model: posix
configure:2668: $? = 0
configure:2675: gcc -V >&5
clang: error: argument to '-V' is missing (expected 1 value)
clang: error: no input files
configure:2679: $? = 1
configure:2702: checking for C compiler default output file name
configure:2724: gcc    conftest.c  >&5
configure:2728: $? = 0
configure:2766: result: a.out
configure:2785: checking whether the C compiler works
configure:2795: ./a.out
configure:2799: $? = 0
configure:2818: result: yes
configure:2825: checking whether we are cross compiling
configure:2827: result: no
configure:2830: checking for suffix of executables
configure:2837: gcc -o conftest    conftest.c  >&5
configure:2841: $? = 0
configure:2867: result: 
configure:2873: checking for suffix of object files
configure:2899: gcc -c   conftest.c >&5
configure:2903: $? = 0
configure:2928: result: o
configure:2932: checking whether we are using the GNU C compiler
configure:2961: gcc -c   conftest.c >&5
configure:2968: $? = 0
configure:2985: result: yes
configure:2994: checking whether gcc accepts -g
configure:3024: gcc -c -g  conftest.c >&5
configure:3031: $? = 0
configure:3132: result: yes
configure:3149: checking for gcc option to accept ISO C89
configure:3223: gcc  -c -g -O2  conftest.c >&5
configure:3230: $? = 0
configure:3253: result: none needed
configure:3282: checking for style of include used by make
configure:3310: result: GNU
configure:3335: checking dependency style of gcc
configure:3445: result: gcc3
configure:3463: checking for main in -lnsl
configure:3492: gcc -o conftest -g -O2   conftest.c -lnsl   >&5
ld: library not found for -lnsl
clang: error: linker command failed with exit code 1 (use -v to see invocation)
configure:3499: $? = 1
configure: failed program was:
| /* confdefs.h.  */
| #define PACKAGE_NAME ""
| #define PACKAGE_TARNAME ""
| #define PACKAGE_VERSION ""
| #define PACKAGE_STRING ""
| #define PACKAGE_BUGREPORT ""
| #define PACKAGE "sock"
| #define VERSION "0.3.2"
| /* end confdefs.h.  */
| 
| 
| int
| main ()
| {
| return main ();
|   ;
|   return 0;
| }
configure:3520: result: no
configure:3532: checking for main in -lsocket
configure:3561: gcc -o conftest -g -O2   conftest.c -lsocket   >&5
ld: library not found for -lsocket
clang: error: linker command failed with exit code 1 (use -v to see invocation)
configure:3568: $? = 1
configure: failed program was:
| /* confdefs.h.  */
| #define PACKAGE_NAME ""
| #define PACKAGE_TARNAME ""
| #define PACKAGE_VERSION ""
| #define PACKAGE_STRING ""
| #define PACKAGE_BUGREPORT ""
| #define PACKAGE "sock"
| #define VERSION "0.3.2"
| /* end confdefs.h.  */
| 
| 
| int
| main ()
| {
| return main ();
|   ;
|   return 0;
| }
configure:3589: result: no
configure:3606: checking how to run the C preprocessor
configure:3646: gcc -E  conftest.c
configure:3653: $? = 0
configure:3684: gcc -E  conftest.c
conftest.c:10:10: fatal error: 'ac_nonexistent.h' file not found
#include <ac_nonexistent.h>
         ^
1 error generated.
configure:3691: $? = 1
configure: failed program was:
| /* confdefs.h.  */
| #define PACKAGE_NAME ""
| #define PACKAGE_TARNAME ""
| #define PACKAGE_VERSION ""
| #define PACKAGE_STRING ""
| #define PACKAGE_BUGREPORT ""
| #define PACKAGE "sock"
| #define VERSION "0.3.2"
| /* end confdefs.h.  */
| #include <ac_nonexistent.h>
configure:3724: result: gcc -E
configure:3753: gcc -E  conftest.c
configure:3760: $? = 0
configure:3791: gcc -E  conftest.c
conftest.c:10:10: fatal error: 'ac_nonexistent.h' file not found
#include <ac_nonexistent.h>
         ^
1 error generated.
configure:3798: $? = 1
configure: failed program was:
| /* confdefs.h.  */
| #define PACKAGE_NAME ""
| #define PACKAGE_TARNAME ""
| #define PACKAGE_VERSION ""
| #define PACKAGE_STRING ""
| #define PACKAGE_BUGREPORT ""
| #define PACKAGE "sock"
| #define VERSION "0.3.2"
| /* end confdefs.h.  */
| #include <ac_nonexistent.h>
configure:3838: checking for grep that handles long lines and -e
configure:3898: result: /usr/bin/grep
configure:3903: checking for egrep
configure:3967: result: /usr/bin/grep -E
configure:3972: checking for ANSI C header files
configure:4002: gcc -c -g -O2  conftest.c >&5
configure:4009: $? = 0
configure:4108: gcc -o conftest -g -O2   conftest.c  >&5
configure:4112: $? = 0
configure:4118: ./conftest
configure:4122: $? = 0
configure:4140: result: yes
configure:4184: checking for sys/types.h
configure:4208: gcc -c -g -O2  conftest.c >&5
configure:4215: $? = 0
configure:4232: result: yes
configure:4184: checking for sys/socket.h
configure:4208: gcc -c -g -O2  conftest.c >&5
configure:4215: $? = 0
configure:4232: result: yes
configure:4184: checking for sys/param.h
configure:4208: gcc -c -g -O2  conftest.c >&5
configure:4215: $? = 0
configure:4232: result: yes
configure:4184: checking for sys/time.h
configure:4208: gcc -c -g -O2  conftest.c >&5
configure:4215: $? = 0
configure:4232: result: yes
configure:4184: checking for time.h
configure:4208: gcc -c -g -O2  conftest.c >&5
configure:4215: $? = 0
configure:4232: result: yes
configure:4184: checking for netinet/in.h
configure:4208: gcc -c -g -O2  conftest.c >&5
configure:4215: $? = 0
configure:4232: result: yes
configure:4184: checking for arpa/inet.h
configure:4208: gcc -c -g -O2  conftest.c >&5
configure:4215: $? = 0
configure:4232: result: yes
configure:4184: checking for errno.h
configure:4208: gcc -c -g -O2  conftest.c >&5
configure:4215: $? = 0
configure:4232: result: yes
configure:4184: checking for fcntl.h
configure:4208: gcc -c -g -O2  conftest.c >&5
configure:4215: $? = 0
configure:4232: result: yes
configure:4184: checking for netdb.h
configure:4208: gcc -c -g -O2  conftest.c >&5
configure:4215: $? = 0
configure:4232: result: yes
configure:4184: checking for signal.h
configure:4208: gcc -c -g -O2  conftest.c >&5
configure:4215: $? = 0
configure:4232: result: yes
configure:4184: checking for stdio.h
configure:4208: gcc -c -g -O2  conftest.c >&5
configure:4215: $? = 0
configure:4232: result: yes
configure:4184: checking for stdlib.h
configure:4208: gcc -c -g -O2  conftest.c >&5
configure:4215: $? = 0
configure:4232: result: yes
configure:4184: checking for string.h
configure:4208: gcc -c -g -O2  conftest.c >&5
configure:4215: $? = 0
configure:4232: result: yes
configure:4184: checking for sys/stat.h
configure:4208: gcc -c -g -O2  conftest.c >&5
configure:4215: $? = 0
configure:4232: result: yes
configure:4184: checking for sys/uio.h
configure:4208: gcc -c -g -O2  conftest.c >&5
configure:4215: $? = 0
configure:4232: result: yes
configure:4184: checking for unistd.h
configure:4208: gcc -c -g -O2  conftest.c >&5
configure:4215: $? = 0
configure:4232: result: yes
configure:4184: checking for sys/wait.h
configure:4208: gcc -c -g -O2  conftest.c >&5
configure:4215: $? = 0
configure:4232: result: yes
configure:4184: checking for sys/un.h
configure:4208: gcc -c -g -O2  conftest.c >&5
configure:4215: $? = 0
configure:4232: result: yes
configure:4184: checking for sys/select.h
configure:4208: gcc -c -g -O2  conftest.c >&5
configure:4215: $? = 0
configure:4232: result: yes
configure:4184: checking for poll.h
configure:4208: gcc -c -g -O2  conftest.c >&5
configure:4215: $? = 0
configure:4232: result: yes
configure:4184: checking for strings.h
configure:4208: gcc -c -g -O2  conftest.c >&5
configure:4215: $? = 0
configure:4232: result: yes
configure:4184: checking for sys/ioctl.h
configure:4208: gcc -c -g -O2  conftest.c >&5
configure:4215: $? = 0
configure:4232: result: yes
configure:4184: checking for sys/filio.h
configure:4208: gcc -c -g -O2  conftest.c >&5
configure:4215: $? = 0
configure:4232: result: yes
configure:4184: checking for sys/sockio.h
configure:4208: gcc -c -g -O2  conftest.c >&5
configure:4215: $? = 0
configure:4232: result: yes
configure:4184: checking for pthread.h
configure:4208: gcc -c -g -O2  conftest.c >&5
configure:4215: $? = 0
configure:4232: result: yes
configure:4184: checking for sys/sysctl.h
configure:4208: gcc -c -g -O2  conftest.c >&5
configure:4215: $? = 0
configure:4232: result: yes
configure:4184: checking for poll.h
configure:4232: result: yes
configure:4184: checking for netconfig.h
configure:4208: gcc -c -g -O2  conftest.c >&5
conftest.c:44:10: fatal error: 'netconfig.h' file not found
#include <netconfig.h>
         ^
1 error generated.
configure:4215: $? = 1
configure: failed program was:
| /* confdefs.h.  */
| #define PACKAGE_NAME ""
| #define PACKAGE_TARNAME ""
| #define PACKAGE_VERSION ""
| #define PACKAGE_STRING ""
| #define PACKAGE_BUGREPORT ""
| #define PACKAGE "sock"
| #define VERSION "0.3.2"
| #define STDC_HEADERS 1
| #define HAVE_SYS_TYPES_H 1
| #define HAVE_SYS_SOCKET_H 1
| #define HAVE_SYS_PARAM_H 1
| #define HAVE_SYS_TIME_H 1
| #define HAVE_TIME_H 1
| #define HAVE_NETINET_IN_H 1
| #define HAVE_ARPA_INET_H 1
| #define HAVE_ERRNO_H 1
| #define HAVE_FCNTL_H 1
| #define HAVE_NETDB_H 1
| #define HAVE_SIGNAL_H 1
| #define HAVE_STDIO_H 1
| #define HAVE_STDLIB_H 1
| #define HAVE_STRING_H 1
| #define HAVE_SYS_STAT_H 1
| #define HAVE_SYS_UIO_H 1
| #define HAVE_UNISTD_H 1
| #define HAVE_SYS_WAIT_H 1
| #define HAVE_SYS_UN_H 1
| #define HAVE_SYS_SELECT_H 1
| #define HAVE_POLL_H 1
| #define HAVE_STRINGS_H 1
| #define HAVE_SYS_IOCTL_H 1
| #define HAVE_SYS_FILIO_H 1
| #define HAVE_SYS_SOCKIO_H 1
| #define HAVE_PTHREAD_H 1
| #define HAVE_SYS_SYSCTL_H 1
| #define HAVE_POLL_H 1
| /* end confdefs.h.  */
| 
| #ifdef HAVE_SYS_PARAM_H
| #include <sys/param.h>
| #endif
| 
| #include <netconfig.h>
configure:4232: result: no
configure:4184: checking for netdir.h
configure:4208: gcc -c -g -O2  conftest.c >&5
conftest.c:44:10: fatal error: 'netdir.h' file not found
#include <netdir.h>
         ^
1 error generated.
configure:4215: $? = 1
configure: failed program was:
| /* confdefs.h.  */
| #define PACKAGE_NAME ""
| #define PACKAGE_TARNAME ""
| #define PACKAGE_VERSION ""
| #define PACKAGE_STRING ""
| #define PACKAGE_BUGREPORT ""
| #define PACKAGE "sock"
| #define VERSION "0.3.2"
| #define STDC_HEADERS 1
| #define HAVE_SYS_TYPES_H 1
| #define HAVE_SYS_SOCKET_H 1
| #define HAVE_SYS_PARAM_H 1
| #define HAVE_SYS_TIME_H 1
| #define HAVE_TIME_H 1
| #define HAVE_NETINET_IN_H 1
| #define HAVE_ARPA_INET_H 1
| #define HAVE_ERRNO_H 1
| #define HAVE_FCNTL_H 1
| #define HAVE_NETDB_H 1
| #define HAVE_SIGNAL_H 1
| #define HAVE_STDIO_H 1
| #define HAVE_STDLIB_H 1
| #define HAVE_STRING_H 1
| #define HAVE_SYS_STAT_H 1
| #define HAVE_SYS_UIO_H 1
| #define HAVE_UNISTD_H 1
| #define HAVE_SYS_WAIT_H 1
| #define HAVE_SYS_UN_H 1
| #define HAVE_SYS_SELECT_H 1
| #define HAVE_POLL_H 1
| #define HAVE_STRINGS_H 1
| #define HAVE_SYS_IOCTL_H 1
| #define HAVE_SYS_FILIO_H 1
| #define HAVE_SYS_SOCKIO_H 1
| #define HAVE_PTHREAD_H 1
| #define HAVE_SYS_SYSCTL_H 1
| #define HAVE_POLL_H 1
| /* end confdefs.h.  */
| 
| #ifdef HAVE_SYS_PARAM_H
| #include <sys/param.h>
| #endif
| 
| #include <netdir.h>
configure:4232: result: no
configure:4184: checking for stropts.h
configure:4208: gcc -c -g -O2  conftest.c >&5
conftest.c:44:10: fatal error: 'stropts.h' file not found
#include <stropts.h>
         ^
1 error generated.
configure:4215: $? = 1
configure: failed program was:
| /* confdefs.h.  */
| #define PACKAGE_NAME ""
| #define PACKAGE_TARNAME ""
| #define PACKAGE_VERSION ""
| #define PACKAGE_STRING ""
| #define PACKAGE_BUGREPORT ""
| #define PACKAGE "sock"
| #define VERSION "0.3.2"
| #define STDC_HEADERS 1
| #define HAVE_SYS_TYPES_H 1
| #define HAVE_SYS_SOCKET_H 1
| #define HAVE_SYS_PARAM_H 1
| #define HAVE_SYS_TIME_H 1
| #define HAVE_TIME_H 1
| #define HAVE_NETINET_IN_H 1
| #define HAVE_ARPA_INET_H 1
| #define HAVE_ERRNO_H 1
| #define HAVE_FCNTL_H 1
| #define HAVE_NETDB_H 1
| #define HAVE_SIGNAL_H 1
| #define HAVE_STDIO_H 1
| #define HAVE_STDLIB_H 1
| #define HAVE_STRING_H 1
| #define HAVE_SYS_STAT_H 1
| #define HAVE_SYS_UIO_H 1
| #define HAVE_UNISTD_H 1
| #define HAVE_SYS_WAIT_H 1
| #define HAVE_SYS_UN_H 1
| #define HAVE_SYS_SELECT_H 1
| #define HAVE_POLL_H 1
| #define HAVE_STRINGS_H 1
| #define HAVE_SYS_IOCTL_H 1
| #define HAVE_SYS_FILIO_H 1
| #define HAVE_SYS_SOCKIO_H 1
| #define HAVE_PTHREAD_H 1
| #define HAVE_SYS_SYSCTL_H 1
| #define HAVE_POLL_H 1
| /* end confdefs.h.  */
| 
| #ifdef HAVE_SYS_PARAM_H
| #include <sys/param.h>
| #endif
| 
| #include <stropts.h>
configure:4232: result: no
configure:4246: checking for an ANSI C-conforming const
configure:4321: gcc -c -g -O2  conftest.c >&5
configure:4328: $? = 0
configure:4343: result: yes
configure:4367: checking for sys/types.h
configure:4412: result: yes
configure:4367: checking for sys/stat.h
configure:4412: result: yes
configure:4367: checking for stdlib.h
configure:4412: result: yes
configure:4367: checking for string.h
configure:4412: result: yes
configure:4367: checking for memory.h
configure:4388: gcc -c -g -O2  conftest.c >&5
configure:4395: $? = 0
configure:4412: result: yes
configure:4367: checking for strings.h
configure:4412: result: yes
configure:4367: checking for inttypes.h
configure:4388: gcc -c -g -O2  conftest.c >&5
configure:4395: $? = 0
configure:4412: result: yes
configure:4367: checking for stdint.h
configure:4388: gcc -c -g -O2  conftest.c >&5
configure:4395: $? = 0
configure:4412: result: yes
configure:4367: checking for unistd.h
configure:4412: result: yes
configure:4427: checking whether byte ordering is bigendian
configure:4452: gcc -c -g -O2  conftest.c >&5
configure:4459: $? = 0
configure:4509: gcc -c -g -O2  conftest.c >&5
configure:4516: $? = 0
configure:4548: gcc -c -g -O2  conftest.c >&5
conftest.c:55:4: error: use of undeclared identifier 'not'
                 not big endian
                 ^
1 error generated.
configure:4555: $? = 1
configure: failed program was:
| /* confdefs.h.  */
| #define PACKAGE_NAME ""
| #define PACKAGE_TARNAME ""
| #define PACKAGE_VERSION ""
| #define PACKAGE_STRING ""
| #define PACKAGE_BUGREPORT ""
| #define PACKAGE "sock"
| #define VERSION "0.3.2"
| #define STDC_HEADERS 1
| #define HAVE_SYS_TYPES_H 1
| #define HAVE_SYS_SOCKET_H 1
| #define HAVE_SYS_PARAM_H 1
| #define HAVE_SYS_TIME_H 1
| #define HAVE_TIME_H 1
| #define HAVE_NETINET_IN_H 1
| #define HAVE_ARPA_INET_H 1
| #define HAVE_ERRNO_H 1
| #define HAVE_FCNTL_H 1
| #define HAVE_NETDB_H 1
| #define HAVE_SIGNAL_H 1
| #define HAVE_STDIO_H 1
| #define HAVE_STDLIB_H 1
| #define HAVE_STRING_H 1
| #define HAVE_SYS_STAT_H 1
| #define HAVE_SYS_UIO_H 1
| #define HAVE_UNISTD_H 1
| #define HAVE_SYS_WAIT_H 1
| #define HAVE_SYS_UN_H 1
| #define HAVE_SYS_SELECT_H 1
| #define HAVE_POLL_H 1
| #define HAVE_STRINGS_H 1
| #define HAVE_SYS_IOCTL_H 1
| #define HAVE_SYS_FILIO_H 1
| #define HAVE_SYS_SOCKIO_H 1
| #define HAVE_PTHREAD_H 1
| #define HAVE_SYS_SYSCTL_H 1
| #define HAVE_POLL_H 1
| #define HAVE_SYS_TYPES_H 1
| #define HAVE_SYS_STAT_H 1
| #define HAVE_STDLIB_H 1
| #define HAVE_STRING_H 1
| #define HAVE_MEMORY_H 1
| #define HAVE_STRINGS_H 1
| #define HAVE_INTTYPES_H 1
| #define HAVE_STDINT_H 1
| #define HAVE_UNISTD_H 1
| /* end confdefs.h.  */
| #include <sys/types.h>
| 		#include <sys/param.h>
| 
| int
| main ()
| {
| #if BYTE_ORDER != BIG_ENDIAN
| 		 not big endian
| 		#endif
| 
|   ;
|   return 0;
| }
configure:4807: result: no
configure:4832: checking for size_t
configure:4860: gcc -c -g -O2  conftest.c >&5
configure:4867: $? = 0
configure:4894: gcc -c -g -O2  conftest.c >&5
conftest.c:84:21: error: expected expression
if (sizeof ((size_t)))
                    ^
1 error generated.
configure:4901: $? = 1
configure: failed program was:
| /* confdefs.h.  */
| #define PACKAGE_NAME ""
| #define PACKAGE_TARNAME ""
| #define PACKAGE_VERSION ""
| #define PACKAGE_STRING ""
| #define PACKAGE_BUGREPORT ""
| #define PACKAGE "sock"
| #define VERSION "0.3.2"
| #define STDC_HEADERS 1
| #define HAVE_SYS_TYPES_H 1
| #define HAVE_SYS_SOCKET_H 1
| #define HAVE_SYS_PARAM_H 1
| #define HAVE_SYS_TIME_H 1
| #define HAVE_TIME_H 1
| #define HAVE_NETINET_IN_H 1
| #define HAVE_ARPA_INET_H 1
| #define HAVE_ERRNO_H 1
| #define HAVE_FCNTL_H 1
| #define HAVE_NETDB_H 1
| #define HAVE_SIGNAL_H 1
| #define HAVE_STDIO_H 1
| #define HAVE_STDLIB_H 1
| #define HAVE_STRING_H 1
| #define HAVE_SYS_STAT_H 1
| #define HAVE_SYS_UIO_H 1
| #define HAVE_UNISTD_H 1
| #define HAVE_SYS_WAIT_H 1
| #define HAVE_SYS_UN_H 1
| #define HAVE_SYS_SELECT_H 1
| #define HAVE_POLL_H 1
| #define HAVE_STRINGS_H 1
| #define HAVE_SYS_IOCTL_H 1
| #define HAVE_SYS_FILIO_H 1
| #define HAVE_SYS_SOCKIO_H 1
| #define HAVE_PTHREAD_H 1
| #define HAVE_SYS_SYSCTL_H 1
| #define HAVE_POLL_H 1
| #define HAVE_SYS_TYPES_H 1
| #define HAVE_SYS_STAT_H 1
| #define HAVE_STDLIB_H 1
| #define HAVE_STRING_H 1
| #define HAVE_MEMORY_H 1
| #define HAVE_STRINGS_H 1
| #define HAVE_INTTYPES_H 1
| #define HAVE_STDINT_H 1
| #define HAVE_UNISTD_H 1
| /* end confdefs.h.  */
| #include <stdio.h>
| #ifdef HAVE_SYS_TYPES_H
| # include <sys/types.h>
| #endif
| #ifdef HAVE_SYS_STAT_H
| # include <sys/stat.h>
| #endif
| #ifdef STDC_HEADERS
| # include <stdlib.h>
| # include <stddef.h>
| #else
| # ifdef HAVE_STDLIB_H
| #  include <stdlib.h>
| # endif
| #endif
| #ifdef HAVE_STRING_H
| # if !defined STDC_HEADERS && defined HAVE_MEMORY_H
| #  include <memory.h>
| # endif
| # include <string.h>
| #endif
| #ifdef HAVE_STRINGS_H
| # include <strings.h>
| #endif
| #ifdef HAVE_INTTYPES_H
| # include <inttypes.h>
| #endif
| #ifdef HAVE_STDINT_H
| # include <stdint.h>
| #endif
| #ifdef HAVE_UNISTD_H
| # include <unistd.h>
| #endif
| int
| main ()
| {
| if (sizeof ((size_t)))
| 	  return 0;
|   ;
|   return 0;
| }
configure:4924: result: yes
configure:4936: checking if u_int8_t defined
configure:5032: gcc -c -g -O2  conftest.c >&5
configure:5039: $? = 0
configure:5055: result: yes
configure:5065: checking if int16_t defined
configure:5161: gcc -c -g -O2  conftest.c >&5
configure:5168: $? = 0
configure:5184: result: yes
configure:5194: checking if u_int16_t defined
configure:5290: gcc -c -g -O2  conftest.c >&5
configure:5297: $? = 0
configure:5313: result: yes
configure:5323: checking if int32_t defined
configure:5419: gcc -c -g -O2  conftest.c >&5
configure:5426: $? = 0
configure:5442: result: yes
configure:5452: checking if u_int32_t defined
configure:5548: gcc -c -g -O2  conftest.c >&5
configure:5555: $? = 0
configure:5571: result: yes
configure:5582: checking for addrinfo function prototype in netdb.h
configure:5605: result: yes
configure:5616: checking return type of signal handlers
configure:5644: gcc -c -g -O2  conftest.c >&5
conftest.c:55:8: error: indirection requires pointer operand ('void' invalid)
return *(signal (0, 0)) (0) == 1;
       ^~~~~~~~~~~~~~~~~~~~
1 error generated.
configure:5651: $? = 1
configure: failed program was:
| /* confdefs.h.  */
| #define PACKAGE_NAME ""
| #define PACKAGE_TARNAME ""
| #define PACKAGE_VERSION ""
| #define PACKAGE_STRING ""
| #define PACKAGE_BUGREPORT ""
| #define PACKAGE "sock"
| #define VERSION "0.3.2"
| #define STDC_HEADERS 1
| #define HAVE_SYS_TYPES_H 1
| #define HAVE_SYS_SOCKET_H 1
| #define HAVE_SYS_PARAM_H 1
| #define HAVE_SYS_TIME_H 1
| #define HAVE_TIME_H 1
| #define HAVE_NETINET_IN_H 1
| #define HAVE_ARPA_INET_H 1
| #define HAVE_ERRNO_H 1
| #define HAVE_FCNTL_H 1
| #define HAVE_NETDB_H 1
| #define HAVE_SIGNAL_H 1
| #define HAVE_STDIO_H 1
| #define HAVE_STDLIB_H 1
| #define HAVE_STRING_H 1
| #define HAVE_SYS_STAT_H 1
| #define HAVE_SYS_UIO_H 1
| #define HAVE_UNISTD_H 1
| #define HAVE_SYS_WAIT_H 1
| #define HAVE_SYS_UN_H 1
| #define HAVE_SYS_SELECT_H 1
| #define HAVE_POLL_H 1
| #define HAVE_STRINGS_H 1
| #define HAVE_SYS_IOCTL_H 1
| #define HAVE_SYS_FILIO_H 1
| #define HAVE_SYS_SOCKIO_H 1
| #define HAVE_PTHREAD_H 1
| #define HAVE_SYS_SYSCTL_H 1
| #define HAVE_POLL_H 1
| #define HAVE_SYS_TYPES_H 1
| #define HAVE_SYS_STAT_H 1
| #define HAVE_STDLIB_H 1
| #define HAVE_STRING_H 1
| #define HAVE_MEMORY_H 1
| #define HAVE_STRINGS_H 1
| #define HAVE_INTTYPES_H 1
| #define HAVE_STDINT_H 1
| #define HAVE_UNISTD_H 1
| #define HAVE_ADDRINFO_PROTO 1
| /* end confdefs.h.  */
| #include <sys/types.h>
| #include <signal.h>
| 
| int
| main ()
| {
| return *(signal (0, 0)) (0) == 1;
|   ;
|   return 0;
| }
configure:5666: result: void
configure:5680: checking for strdup
configure:5736: gcc -o conftest -g -O2   conftest.c  >&5
conftest.c:73:6: warning: incompatible redeclaration of library function 'strdup' [-Wincompatible-library-redeclaration]
char strdup ();
     ^
conftest.c:73:6: note: 'strdup' is a builtin with type 'char *(const char *)'
1 warning generated.
configure:5743: $? = 0
configure:5765: result: yes
configure:5680: checking for strerror
configure:5736: gcc -o conftest -g -O2   conftest.c  >&5
conftest.c:74:6: warning: incompatible redeclaration of library function 'strerror' [-Wincompatible-library-redeclaration]
char strerror ();
     ^
conftest.c:74:6: note: 'strerror' is a builtin with type 'char *(int)'
1 warning generated.
configure:5743: $? = 0
configure:5765: result: yes
configure:5680: checking for setlinebuf
configure:5736: gcc -o conftest -g -O2   conftest.c  >&5
configure:5743: $? = 0
configure:5765: result: yes
configure:5777: checking for getopt_long
configure:5833: gcc -o conftest -g -O2   conftest.c  >&5
configure:5840: $? = 0
configure:5860: result: yes
configure:5870: checking for addrinfo{}
configure:5893: result: yes
configure:5903: checking if msghdr{} has msg_control member
configure:5931: gcc -c -g -O2  conftest.c >&5
configure:5938: $? = 0
configure:5953: result: yes
configure:5963: checking if msghdr{} has msg_field member
configure:5991: gcc -c -g -O2  conftest.c >&5
configure:5998: $? = 0
configure:6013: result: 
configure:6151: creating ./config.status

## ---------------------- ##
## Running config.status. ##
## ---------------------- ##

This file was extended by config.status, which was
generated by GNU Autoconf 2.63.  Invocation command line was

  CONFIG_FILES    = 
  CONFIG_HEADERS  = 
  CONFIG_LINKS    = 
  CONFIG_COMMANDS = 
  $ ./config.status 

on bright.local

config.status:809: creating Makefile
config.status:809: creating src/Makefile
config.status:809: creating config.h
config.status:1083: executing depfiles commands

## ---------------- ##
## Cache variables. ##
## ---------------- ##

ac_cv_c_bigendian=no
ac_cv_c_compiler_gnu=yes
ac_cv_c_const=yes
ac_cv_env_CC_set=
ac_cv_env_CC_value=
ac_cv_env_CFLAGS_set=
ac_cv_env_CFLAGS_value=
ac_cv_env_CPPFLAGS_set=
ac_cv_env_CPPFLAGS_value=
ac_cv_env_CPP_set=
ac_cv_env_CPP_value=
ac_cv_env_LDFLAGS_set=
ac_cv_env_LDFLAGS_value=
ac_cv_env_LIBS_set=
ac_cv_env_LIBS_value=
ac_cv_env_build_alias_set=
ac_cv_env_build_alias_value=
ac_cv_env_host_alias_set=
ac_cv_env_host_alias_value=
ac_cv_env_target_alias_set=
ac_cv_env_target_alias_value=
ac_cv_func_getopt_long=yes
ac_cv_func_setlinebuf=yes
ac_cv_func_strdup=yes
ac_cv_func_strerror=yes
ac_cv_have_addrinfo_proto=yes
ac_cv_have_addrinfo_struct=yes
ac_cv_header_arpa_inet_h=yes
ac_cv_header_errno_h=yes
ac_cv_header_fcntl_h=yes
ac_cv_header_inttypes_h=yes
ac_cv_header_memory_h=yes
ac_cv_header_netconfig_h=no
ac_cv_header_netdb_h=yes
ac_cv_header_netdir_h=no
ac_cv_header_netinet_in_h=yes
ac_cv_header_poll_h=yes
ac_cv_header_pthread_h=yes
ac_cv_header_signal_h=yes
ac_cv_header_stdc=yes
ac_cv_header_stdint_h=yes
ac_cv_header_stdio_h=yes
ac_cv_header_stdlib_h=yes
ac_cv_header_string_h=yes
ac_cv_header_strings_h=yes
ac_cv_header_stropts_h=no
ac_cv_header_sys_filio_h=yes
ac_cv_header_sys_ioctl_h=yes
ac_cv_header_sys_param_h=yes
ac_cv_header_sys_select_h=yes
ac_cv_header_sys_socket_h=yes
ac_cv_header_sys_sockio_h=yes
ac_cv_header_sys_stat_h=yes
ac_cv_header_sys_sysctl_h=yes
ac_cv_header_sys_time_h=yes
ac_cv_header_sys_types_h=yes
ac_cv_header_sys_uio_h=yes
ac_cv_header_sys_un_h=yes
ac_cv_header_sys_wait_h=yes
ac_cv_header_time_h=yes
ac_cv_header_unistd_h=yes
ac_cv_lib_nsl_main=no
ac_cv_lib_socket_main=no
ac_cv_msghdr_has_msg_control=yes
ac_cv_msghdr_has_msg_flags=yes
ac_cv_objext=o
ac_cv_path_EGREP='/usr/bin/grep -E'
ac_cv_path_GREP=/usr/bin/grep
ac_cv_path_install='/usr/bin/install -c'
ac_cv_prog_AWK=awk
ac_cv_prog_CPP='gcc -E'
ac_cv_prog_ac_ct_CC=gcc
ac_cv_prog_cc_c89=
ac_cv_prog_cc_g=yes
ac_cv_prog_make_make_set=yes
ac_cv_type_int16_t=yes
ac_cv_type_int32_t=yes
ac_cv_type_signal=void
ac_cv_type_size_t=yes
ac_cv_type_u_int16_t=yes
ac_cv_type_u_int32_t=yes
ac_cv_type_u_int8_t=yes
am_cv_CC_dependencies_compiler_type=gcc3

## ----------------- ##
## Output variables. ##
## ----------------- ##

ACLOCAL='aclocal-1.11'
AMDEPBACKSLASH='\'
AMDEP_FALSE='#'
AMDEP_TRUE=''
AMTAR='tar'
AUTOCONF='autoconf'
AUTOHEADER='autoheader'
AUTOMAKE='automake-1.11'
AWK='awk'
CC='gcc'
CCDEPMODE='depmode=gcc3'
CFLAGS='-g -O2'
CPP='gcc -E'
CPPFLAGS=''
CYGPATH_W='echo'
DEFS='-DHAVE_CONFIG_H'
DEPDIR='.deps'
ECHO_C='\c'
ECHO_N=''
ECHO_T=''
EGREP='/usr/bin/grep -E'
EXEEXT=''
GETOPT=''
GREP='/usr/bin/grep'
INSTALL_DATA='${INSTALL} -m 644'
INSTALL_PROGRAM='${INSTALL}'
INSTALL_SCRIPT='${INSTALL}'
INSTALL_STRIP_PROGRAM='$(install_sh) -c -s'
LDFLAGS=''
LIBOBJS=''
LIBS=''
LTLIBOBJS=''
MAKEINFO='makeinfo'
MKDIR_P='./install-sh -c -d'
OBJEXT='o'
PACKAGE='sock'
PACKAGE_BUGREPORT=''
PACKAGE_NAME=''
PACKAGE_STRING=''
PACKAGE_TARNAME=''
PACKAGE_VERSION=''
PATH_SEPARATOR=':'
SET_MAKE=''
SHELL='/bin/sh'
STRIP=''
VERSION='0.3.2'
ac_ct_CC='gcc'
am__EXEEXT_FALSE=''
am__EXEEXT_TRUE='#'
am__fastdepCC_FALSE='#'
am__fastdepCC_TRUE=''
am__include='include'
am__isrc=''
am__leading_dot='.'
am__quote=''
am__tar='${AMTAR} chof - "$$tardir"'
am__untar='${AMTAR} xf -'
bindir='${exec_prefix}/bin'
build_alias=''
datadir='${datarootdir}'
datarootdir='${prefix}/share'
docdir='${datarootdir}/doc/${PACKAGE}'
dvidir='${docdir}'
exec_prefix='${prefix}'
host_alias=''
htmldir='${docdir}'
includedir='${prefix}/include'
infodir='${datarootdir}/info'
install_sh='${SHELL} /Users/barroco/work/droplets/tcp-ip/sock-0.3.2/install-sh'
libdir='${exec_prefix}/lib'
libexecdir='${exec_prefix}/libexec'
localedir='${datarootdir}/locale'
localstatedir='${prefix}/var'
mandir='${datarootdir}/man'
mkdir_p='$(top_builddir)/./install-sh -c -d'
oldincludedir='/usr/include'
pdfdir='${docdir}'
prefix='/usr/local'
program_transform_name='s,x,x,'
psdir='${docdir}'
sbindir='${exec_prefix}/sbin'
sharedstatedir='${prefix}/com'
sysconfdir='${prefix}/etc'
target_alias=''

## ----------- ##
## confdefs.h. ##
## ----------- ##

#define PACKAGE_NAME ""
#define PACKAGE_TARNAME ""
#define PACKAGE_VERSION ""
#define PACKAGE_STRING ""
#define PACKAGE_BUGREPORT ""
#define PACKAGE "sock"
#define VERSION "0.3.2"
#define STDC_HEADERS 1
#define HAVE_SYS_TYPES_H 1
#define HAVE_SYS_SOCKET_H 1
#define HAVE_SYS_PARAM_H 1
#define HAVE_SYS_TIME_H 1
#define HAVE_TIME_H 1
#define HAVE_NETINET_IN_H 1
#define HAVE_ARPA_INET_H 1
#define HAVE_ERRNO_H 1
#define HAVE_FCNTL_H 1
#define HAVE_NETDB_H 1
#define HAVE_SIGNAL_H 1
#define HAVE_STDIO_H 1
#define HAVE_STDLIB_H 1
#define HAVE_STRING_H 1
#define HAVE_SYS_STAT_H 1
#define HAVE_SYS_UIO_H 1
#define HAVE_UNISTD_H 1
#define HAVE_SYS_WAIT_H 1
#define HAVE_SYS_UN_H 1
#define HAVE_SYS_SELECT_H 1
#define HAVE_POLL_H 1
#define HAVE_STRINGS_H 1
#define HAVE_SYS_IOCTL_H 1
#define HAVE_SYS_FILIO_H 1
#define HAVE_SYS_SOCKIO_H 1
#define HAVE_PTHREAD_H 1
#define HAVE_SYS_SYSCTL_H 1
#define HAVE_POLL_H 1
#define HAVE_SYS_TYPES_H 1
#define HAVE_SYS_STAT_H 1
#define HAVE_STDLIB_H 1
#define HAVE_STRING_H 1
#define HAVE_MEMORY_H 1
#define HAVE_STRINGS_H 1
#define HAVE_INTTYPES_H 1
#define HAVE_STDINT_H 1
#define HAVE_UNISTD_H 1
#define HAVE_ADDRINFO_PROTO 1
#define RETSIGTYPE void
#define HAVE_STRDUP 1
#define HAVE_STRERROR 1
#define HAVE_SETLINEBUF 1
#define HAVE_ADDRINFO_STRUCT /**/
#define HAVE_MSGHDR_MSG_CONTROL /**/
#define HAVE_MSGHDR_MSG_FLAGS /**/

configure: exit 0
